<?xml version="1.0" encoding="UTF-8"?>
<!-- Generated by org.testng.reporters.JUnitReportReporter -->
<testsuite hostname="DESKTOP-V34LF86" failures="0" tests="2" name="test_post" time="3.355" errors="0" timestamp="2021-04-01T16:26:01 GMT-05:00" skipped="0">
  <testcase classname="test_post" name="test_post2" time="3.353"/>
  <system-out/>
  <testcase classname="test_post" name="test_post_1" time="0.002"/>
  <system-out/>
</testsuite> <!-- test_post -->
