<?xml version="1.0" encoding="UTF-8"?>
<!-- Generated by org.testng.reporters.JUnitReportReporter -->
<testsuite hostname="DESKTOP-V34LF86" failures="0" tests="1" name="test_patch" time="3.848" errors="0" timestamp="2021-04-01T16:57:16 GMT-05:00" skipped="0">
  <testcase classname="test_patch" name="test_patch_01" time="3.848"/>
  <system-out/>
</testsuite> <!-- test_patch -->
