<?xml version="1.0" encoding="UTF-8"?>
<!-- Generated by org.testng.reporters.JUnitReportReporter -->
<testsuite hostname="DESKTOP-V34LF86" failures="0" tests="1" name="test_get_3" time="1.942" errors="0" timestamp="2021-04-04T15:10:17 GMT-05:00" skipped="0">
  <testcase classname="test_get_3" name="test_get" time="1.942"/>
  <system-out/>
</testsuite> <!-- test_get_3 -->
