<?xml version="1.0" encoding="UTF-8"?>
<!-- Generated by org.testng.reporters.JUnitReportReporter -->
<testsuite hostname="DESKTOP-V34LF86" failures="0" tests="1" name="test_put" time="3.180" errors="0" timestamp="2021-04-01T16:38:51 GMT-05:00" skipped="0">
  <testcase classname="test_put" name="test_put1" time="3.180"/>
  <system-out/>
</testsuite> <!-- test_put -->
