<?xml version="1.0" encoding="UTF-8"?>
<!-- Generated by org.testng.reporters.JUnitReportReporter -->
<testsuite hostname="DESKTOP-V34LF86" failures="0" tests="1" name="test_patch2" time="2.302" errors="0" timestamp="2021-04-04T22:52:40 GMT-05:00" skipped="0">
  <testcase classname="test_patch2" name="test_patch3" time="2.302"/>
  <system-out/>
</testsuite> <!-- test_patch2 -->
