<?xml version="1.0" encoding="UTF-8"?>
<!-- Generated by org.testng.reporters.JUnitReportReporter -->
<testsuite hostname="DESKTOP-V34LF86" failures="0" tests="1" name="test_delete" time="3.416" errors="0" timestamp="2021-04-01T17:03:46 GMT-05:00" skipped="0">
  <testcase classname="test_delete" name="test_del_01" time="3.416"/>
  <system-out/>
</testsuite> <!-- test_delete -->
