<?xml version="1.0" encoding="UTF-8"?>
<!-- Generated by org.testng.reporters.JUnitReportReporter -->
<testsuite hostname="DESKTOP-V34LF86" failures="0" tests="1" name="test_post2" time="2.166" errors="0" timestamp="2021-04-04T18:02:03 GMT-05:00" skipped="0">
  <testcase classname="test_post2" name="post_test" time="2.166"/>
  <system-out/>
</testsuite> <!-- test_post2 -->
