<?xml version="1.0" encoding="UTF-8"?>
<!-- Generated by org.testng.reporters.JUnitReportReporter -->
<testsuite hostname="DESKTOP-V34LF86" failures="0" tests="3" name="Test_get_2" time="3.883" errors="0" timestamp="2021-04-01T15:42:39 GMT-05:00" skipped="0">
  <testcase classname="Test_get_2" name="test_validation" time="0.347"/>
  <system-out/>
  <testcase classname="Test_get_2" name="get_test2" time="3.162"/>
  <system-out/>
  <testcase classname="Test_get_2" name="test_log" time="0.374"/>
  <system-out/>
</testsuite> <!-- Test_get_2 -->
