<?xml version="1.0" encoding="UTF-8"?>
<!-- Generated by org.testng.reporters.JUnitReportReporter -->
<testsuite hostname="DESKTOP-V34LF86" failures="0" tests="1" name="test_del" time="2.548" errors="0" timestamp="2021-04-04T23:06:03 GMT-05:00" skipped="0">
  <testcase classname="test_del" name="del_test" time="2.548"/>
  <system-out/>
</testsuite> <!-- test_del -->
