<?xml version="1.0" encoding="UTF-8"?>
<!-- Generated by org.testng.reporters.JUnitReportReporter -->
<testsuite hostname="DESKTOP-V34LF86" failures="0" tests="1" name="getTest" time="2.725" errors="0" timestamp="2021-04-01T15:02:40 GMT-05:00" skipped="0">
  <testcase classname="getTest" name="try_get" time="2.725"/>
  <system-out/>
</testsuite> <!-- getTest -->
